# JRE version: OpenJDK Runtime Environment (18.0.2.1+1) (build 18.0.2.1+1-1)
# Java VM: OpenJDK 64-Bit Server VM (18.0.2.1+1-1, mixed mode, sharing, tiered, compressed oops, compressed class ptrs, g1 gc, bsd-amd64)
GC Precious Log:
 CardTable entry size: 512
 Card Set container configuration: InlinePtr #cards 4 size 8 Array Of Cards #cards 16 size 48 Howl #buckets 8 coarsen threshold 3686 Howl Bitmap #cards 512 size 80 coarsen threshold 460 Card regions per heap region 1 cards per card region 4096
 CPUs: 4 total, 4 available
 Memory: 16384M
 Large Page Support: Disabled
 NUMA Support: Disabled
 Compressed Oops: Enabled (Zero based)
 Heap Region Size: 2M
 Heap Min Capacity: 8M
 Heap Initial Capacity: 256M
 Heap Max Capacity: 4G
 Pre-touch: Disabled
 Parallel Workers: 4
 Concurrent Workers: 1
 Concurrent Refinement Workers: 4
 Periodic GC: Disabled
Heap:
 garbage-first heap   total 1064960K, used 211977K [0x0000000700000000, 0x0000000800000000)
  region size 2048K, 46 young (94208K), 6 survivors (12288K)
 Metaspace       used 20428K, committed 20672K, reserved 1114112K
  class space    used 2045K, committed 2176K, reserved 1048576K
GC Heap History (20 events):
Event: 846.008 GC heap before
{Heap before GC invocations=26 (full 0):
 garbage-first heap   total 1064960K, used 757757K [0x0000000700000000, 0x0000000800000000)
  region size 2048K, 312 young (638976K), 9 survivors (18432K)
 Metaspace       used 19134K, committed 19328K, reserved 1114112K
  class space    used 1961K, committed 2048K, reserved 1048576K
}
Event: 846.011 GC heap after
{Heap after GC invocations=27 (full 0):
 garbage-first heap   total 1064960K, used 131161K [0x0000000700000000, 0x0000000800000000)
  region size 2048K, 6 young (12288K), 6 survivors (12288K)
 Metaspace       used 19134K, committed 19328K, reserved 1114112K
  class space    used 1961K, committed 2048K, reserved 1048576K
}
Event: 962.019 GC heap before
{Heap before GC invocations=27 (full 0):
 garbage-first heap   total 1064960K, used 757849K [0x0000000700000000, 0x0000000800000000)
  region size 2048K, 312 young (638976K), 6 survivors (12288K)
 Metaspace       used 19364K, committed 19584K, reserved 1114112K
  class space    used 1964K, committed 2048K, reserved 1048576K
}
Event: 962.031 GC heap after
{Heap after GC invocations=28 (full 0):
 garbage-first heap   total 1064960K, used 142061K [0x0000000700000000, 0x0000000800000000)
  region size 2048K, 11 young (22528K), 11 survivors (22528K)
 Metaspace       used 19364K, committed 19584K, reserved 1114112K
  class space    used 1964K, committed 2048K, reserved 1048576K
}
Event: 962.834 GC heap before
{Heap before GC invocations=28 (full 0):
 garbage-first heap   total 1064960K, used 758509K [0x0000000700000000, 0x0000000800000000)
  region size 2048K, 312 young (638976K), 11 survivors (22528K)
 Metaspace       used 19364K, committed 19584K, reserved 1114112K
  class space    used 1964K, committed 2048K, reserved 1048576K
}
Event: 962.838 GC heap after
{Heap after GC invocations=29 (full 0):
 garbage-first heap   total 1064960K, used 132565K [0x0000000700000000, 0x0000000800000000)
  region size 2048K, 6 young (12288K), 6 survivors (12288K)
 Metaspace       used 19364K, committed 19584K, reserved 1114112K
  class space    used 1964K, committed 2048K, reserved 1048576K
}
Event: 1320.105 GC heap before
{Heap before GC invocations=29 (full 0):
 garbage-first heap   total 1064960K, used 759253K [0x0000000700000000, 0x0000000800000000)
  region size 2048K, 312 young (638976K), 6 survivors (12288K)
 Metaspace       used 19558K, committed 19776K, reserved 1114112K
  class space    used 1970K, committed 2048K, reserved 1048576K
}
Event: 1320.129 GC heap after
{Heap after GC invocations=30 (full 0):
 garbage-first heap   total 1064960K, used 159059K [0x0000000700000000, 0x0000000800000000)
  region size 2048K, 19 young (38912K), 19 survivors (38912K)
 Metaspace       used 19558K, committed 19776K, reserved 1114112K
  class space    used 1970K, committed 2048K, reserved 1048576K
}
Event: 1389.091 GC heap before
{Heap before GC invocations=30 (full 0):
 garbage-first heap   total 1064960K, used 759123K [0x0000000700000000, 0x0000000800000000)
  region size 2048K, 312 young (638976K), 19 survivors (38912K)
 Metaspace       used 19580K, committed 19776K, reserved 1114112K
  class space    used 1970K, committed 2048K, reserved 1048576K
}
Event: 1389.096 GC heap after
{Heap after GC invocations=31 (full 0):
 garbage-first heap   total 1064960K, used 132728K [0x0000000700000000, 0x0000000800000000)
  region size 2048K, 6 young (12288K), 6 survivors (12288K)
 Metaspace       used 19580K, committed 19776K, reserved 1114112K
  class space    used 1970K, committed 2048K, reserved 1048576K
}
Event: 1389.942 GC heap before
{Heap before GC invocations=31 (full 0):
 garbage-first heap   total 1064960K, used 759416K [0x0000000700000000, 0x0000000800000000)
  region size 2048K, 312 young (638976K), 6 survivors (12288K)
 Metaspace       used 19580K, committed 19776K, reserved 1114112K
  class space    used 1970K, committed 2048K, reserved 1048576K
}
Event: 1389.949 GC heap after
{Heap after GC invocations=32 (full 0):
 garbage-first heap   total 1064960K, used 134981K [0x0000000700000000, 0x0000000800000000)
  region size 2048K, 7 young (14336K), 7 survivors (14336K)
 Metaspace       used 19580K, committed 19776K, reserved 1114112K
  class space    used 1970K, committed 2048K, reserved 1048576K
}
Event: 1744.440 GC heap before
{Heap before GC invocations=32 (full 0):
 garbage-first heap   total 1064960K, used 759621K [0x0000000700000000, 0x0000000800000000)
  region size 2048K, 312 young (638976K), 7 survivors (14336K)
 Metaspace       used 19883K, committed 20224K, reserved 1114112K
  class space    used 2010K, committed 2176K, reserved 1048576K
}
Event: 1744.447 GC heap after
{Heap after GC invocations=33 (full 0):
 garbage-first heap   total 1064960K, used 137500K [0x0000000700000000, 0x0000000800000000)
  region size 2048K, 9 young (18432K), 9 survivors (18432K)
 Metaspace       used 19883K, committed 20224K, reserved 1114112K
  class space    used 2010K, committed 2176K, reserved 1048576K
}
Event: 1745.308 GC heap before
{Heap before GC invocations=33 (full 0):
 garbage-first heap   total 1064960K, used 758044K [0x0000000700000000, 0x0000000800000000)
  region size 2048K, 312 young (638976K), 9 survivors (18432K)
 Metaspace       used 19884K, committed 20224K, reserved 1114112K
  class space    used 2010K, committed 2176K, reserved 1048576K
}
Event: 1745.312 GC heap after
{Heap after GC invocations=34 (full 0):
 garbage-first heap   total 1064960K, used 131429K [0x0000000700000000, 0x0000000800000000)
  region size 2048K, 5 young (10240K), 5 survivors (10240K)
 Metaspace       used 19884K, committed 20224K, reserved 1114112K
  class space    used 2010K, committed 2176K, reserved 1048576K
}
Event: 1842.140 GC heap before
{Heap before GC invocations=34 (full 0):
 garbage-first heap   total 1064960K, used 760165K [0x0000000700000000, 0x0000000800000000)
  region size 2048K, 312 young (638976K), 5 survivors (10240K)
 Metaspace       used 20307K, committed 20544K, reserved 1114112K
  class space    used 2044K, committed 2176K, reserved 1048576K
}
Event: 1842.154 GC heap after
{Heap after GC invocations=35 (full 0):
 garbage-first heap   total 1064960K, used 142061K [0x0000000700000000, 0x0000000800000000)
  region size 2048K, 11 young (22528K), 11 survivors (22528K)
 Metaspace       used 20307K, committed 20544K, reserved 1114112K
  class space    used 2044K, committed 2176K, reserved 1048576K
}
Event: 1842.996 GC heap before
{Heap before GC invocations=35 (full 0):
 garbage-first heap   total 1064960K, used 758509K [0x0000000700000000, 0x0000000800000000)
  region size 2048K, 312 young (638976K), 11 survivors (22528K)
 Metaspace       used 20309K, committed 20544K, reserved 1114112K
  class space    used 2044K, committed 2176K, reserved 1048576K
}
Event: 1842.999 GC heap after
{Heap after GC invocations=36 (full 0):
 garbage-first heap   total 1064960K, used 132105K [0x0000000700000000, 0x0000000800000000)
  region size 2048K, 6 young (12288K), 6 survivors (12288K)
 Metaspace       used 20309K, committed 20544K, reserved 1114112K
  class space    used 2044K, committed 2176K, reserved 1048576K
}

