# JRE version: Java(TM) SE Runtime Environment (8.0_65-b17) (build 1.8.0_65-b17)
# Java VM: Java HotSpot(TM) 64-Bit Server VM (25.65-b01 mixed mode bsd-amd64 compressed oops)
Heap:
 PSYoungGen      total 675328K, used 9426K [0x0000000795580000, 0x00000007c0000000, 0x00000007c0000000)
  eden space 654848K, 0% used [0x0000000795580000,0x0000000795580000,0x00000007bd500000)
  from space 20480K, 46% used [0x00000007bec00000,0x00000007bf534938,0x00000007c0000000)
  to   space 22016K, 0% used [0x00000007bd500000,0x00000007bd500000,0x00000007bea80000)
 ParOldGen       total 134144K, used 130142K [0x0000000740000000, 0x0000000748300000, 0x0000000795580000)
  object space 134144K, 97% used [0x0000000740000000,0x0000000747f17a50,0x0000000748300000)
 Metaspace       used 21681K, capacity 21900K, committed 22320K, reserved 1069056K
  class space    used 2342K, capacity 2420K, committed 2432K, reserved 1048576K
GC Heap History (10 events):
Event: 4570.854 GC heap after
Heap after GC invocations=91 (full 3):
 PSYoungGen      total 680448K, used 640K [0x0000000795580000, 0x00000007c0000000, 0x00000007c0000000)
  eden space 661504K, 0% used [0x0000000795580000,0x0000000795580000,0x00000007bdb80000)
  from space 18944K, 3% used [0x00000007bed80000,0x00000007bee20000,0x00000007c0000000)
  to   space 18432K, 0% used [0x00000007bdb80000,0x00000007bdb80000,0x00000007bed80000)
 ParOldGen       total 134144K, used 124651K [0x0000000740000000, 0x0000000748300000, 0x0000000795580000)
  object space 134144K, 92% used [0x0000000740000000,0x00000007479bad40,0x0000000748300000)
 Metaspace       used 21675K, capacity 21900K, committed 22320K, reserved 1069056K
  class space    used 2342K, capacity 2420K, committed 2432K, reserved 1048576K
}
Event: 4571.856 GC heap before
{Heap before GC invocations=92 (full 3):
 PSYoungGen      total 680448K, used 662144K [0x0000000795580000, 0x00000007c0000000, 0x00000007c0000000)
  eden space 661504K, 100% used [0x0000000795580000,0x00000007bdb80000,0x00000007bdb80000)
  from space 18944K, 3% used [0x00000007bed80000,0x00000007bee20000,0x00000007c0000000)
  to   space 18432K, 0% used [0x00000007bdb80000,0x00000007bdb80000,0x00000007bed80000)
 ParOldGen       total 134144K, used 124651K [0x0000000740000000, 0x0000000748300000, 0x0000000795580000)
  object space 134144K, 92% used [0x0000000740000000,0x00000007479bad40,0x0000000748300000)
 Metaspace       used 21677K, capacity 21900K, committed 22320K, reserved 1069056K
  class space    used 2342K, capacity 2420K, committed 2432K, reserved 1048576K
Event: 4571.871 GC heap after
Heap after GC invocations=92 (full 3):
 PSYoungGen      total 673792K, used 12079K [0x0000000795580000, 0x00000007c0000000, 0x00000007c0000000)
  eden space 661504K, 0% used [0x0000000795580000,0x0000000795580000,0x00000007bdb80000)
  from space 12288K, 98% used [0x00000007bdb80000,0x00000007be74bf98,0x00000007be780000)
  to   space 19456K, 0% used [0x00000007bed00000,0x00000007bed00000,0x00000007c0000000)
 ParOldGen       total 134144K, used 125211K [0x0000000740000000, 0x0000000748300000, 0x0000000795580000)
  object space 134144K, 93% used [0x0000000740000000,0x0000000747a46d40,0x0000000748300000)
 Metaspace       used 21677K, capacity 21900K, committed 22320K, reserved 1069056K
  class space    used 2342K, capacity 2420K, committed 2432K, reserved 1048576K
}
Event: 4572.789 GC heap before
{Heap before GC invocations=93 (full 3):
 PSYoungGen      total 673792K, used 673583K [0x0000000795580000, 0x00000007c0000000, 0x00000007c0000000)
  eden space 661504K, 100% used [0x0000000795580000,0x00000007bdb80000,0x00000007bdb80000)
  from space 12288K, 98% used [0x00000007bdb80000,0x00000007be74bf98,0x00000007be780000)
  to   space 19456K, 0% used [0x00000007bed00000,0x00000007bed00000,0x00000007c0000000)
 ParOldGen       total 134144K, used 125211K [0x0000000740000000, 0x0000000748300000, 0x0000000795580000)
  object space 134144K, 93% used [0x0000000740000000,0x0000000747a46d40,0x0000000748300000)
 Metaspace       used 21677K, capacity 21900K, committed 22320K, reserved 1069056K
  class space    used 2342K, capacity 2420K, committed 2432K, reserved 1048576K
Event: 4572.795 GC heap after
Heap after GC invocations=93 (full 3):
 PSYoungGen      total 679424K, used 512K [0x0000000795580000, 0x00000007c0000000, 0x00000007c0000000)
  eden space 659968K, 0% used [0x0000000795580000,0x0000000795580000,0x00000007bda00000)
  from space 19456K, 2% used [0x00000007bed00000,0x00000007bed80000,0x00000007c0000000)
  to   space 19456K, 0% used [0x00000007bda00000,0x00000007bda00000,0x00000007bed00000)
 ParOldGen       total 134144K, used 128138K [0x0000000740000000, 0x0000000748300000, 0x0000000795580000)
  object space 134144K, 95% used [0x0000000740000000,0x0000000747d22a38,0x0000000748300000)
 Metaspace       used 21677K, capacity 21900K, committed 22320K, reserved 1069056K
  class space    used 2342K, capacity 2420K, committed 2432K, reserved 1048576K
}
Event: 4573.743 GC heap before
{Heap before GC invocations=94 (full 3):
 PSYoungGen      total 679424K, used 660480K [0x0000000795580000, 0x00000007c0000000, 0x00000007c0000000)
  eden space 659968K, 100% used [0x0000000795580000,0x00000007bda00000,0x00000007bda00000)
  from space 19456K, 2% used [0x00000007bed00000,0x00000007bed80000,0x00000007c0000000)
  to   space 19456K, 0% used [0x00000007bda00000,0x00000007bda00000,0x00000007bed00000)
 ParOldGen       total 134144K, used 128138K [0x0000000740000000, 0x0000000748300000, 0x0000000795580000)
  object space 134144K, 95% used [0x0000000740000000,0x0000000747d22a38,0x0000000748300000)
 Metaspace       used 21680K, capacity 21900K, committed 22320K, reserved 1069056K
  class space    used 2342K, capacity 2420K, committed 2432K, reserved 1048576K
Event: 4573.760 GC heap after
Heap after GC invocations=94 (full 3):
 PSYoungGen      total 678400K, used 17953K [0x0000000795580000, 0x00000007c0000000, 0x00000007c0000000)
  eden space 659968K, 0% used [0x0000000795580000,0x0000000795580000,0x00000007bda00000)
  from space 18432K, 97% used [0x00000007bda00000,0x00000007beb88578,0x00000007bec00000)
  to   space 20480K, 0% used [0x00000007bec00000,0x00000007bec00000,0x00000007c0000000)
 ParOldGen       total 134144K, used 128490K [0x0000000740000000, 0x0000000748300000, 0x0000000795580000)
  object space 134144K, 95% used [0x0000000740000000,0x0000000747d7aa38,0x0000000748300000)
 Metaspace       used 21680K, capacity 21900K, committed 22320K, reserved 1069056K
  class space    used 2342K, capacity 2420K, committed 2432K, reserved 1048576K
}
Event: 4574.701 GC heap before
{Heap before GC invocations=95 (full 3):
 PSYoungGen      total 678400K, used 677921K [0x0000000795580000, 0x00000007c0000000, 0x00000007c0000000)
  eden space 659968K, 100% used [0x0000000795580000,0x00000007bda00000,0x00000007bda00000)
  from space 18432K, 97% used [0x00000007bda00000,0x00000007beb88578,0x00000007bec00000)
  to   space 20480K, 0% used [0x00000007bec00000,0x00000007bec00000,0x00000007c0000000)
 ParOldGen       total 134144K, used 128490K [0x0000000740000000, 0x0000000748300000, 0x0000000795580000)
  object space 134144K, 95% used [0x0000000740000000,0x0000000747d7aa38,0x0000000748300000)
 Metaspace       used 21681K, capacity 21900K, committed 22320K, reserved 1069056K
  class space    used 2342K, capacity 2420K, committed 2432K, reserved 1048576K
Event: 4574.728 GC heap after
Heap after GC invocations=95 (full 3):
 PSYoungGen      total 675328K, used 9426K [0x0000000795580000, 0x00000007c0000000, 0x00000007c0000000)
  eden space 654848K, 0% used [0x0000000795580000,0x0000000795580000,0x00000007bd500000)
  from space 20480K, 46% used [0x00000007bec00000,0x00000007bf534938,0x00000007c0000000)
  to   space 22016K, 0% used [0x00000007bd500000,0x00000007bd500000,0x00000007bea80000)
 ParOldGen       total 134144K, used 130142K [0x0000000740000000, 0x0000000748300000, 0x0000000795580000)
  object space 134144K, 97% used [0x0000000740000000,0x0000000747f17a50,0x0000000748300000)
 Metaspace       used 21681K, capacity 21900K, committed 22320K, reserved 1069056K
  class space    used 2342K, capacity 2420K, committed 2432K, reserved 1048576K
}
Event: 4574.728 GC heap before
{Heap before GC invocations=96 (full 4):
 PSYoungGen      total 675328K, used 9426K [0x0000000795580000, 0x00000007c0000000, 0x00000007c0000000)
  eden space 654848K, 0% used [0x0000000795580000,0x0000000795580000,0x00000007bd500000)
  from space 20480K, 46% used [0x00000007bec00000,0x00000007bf534938,0x00000007c0000000)
  to   space 22016K, 0% used [0x00000007bd500000,0x00000007bd500000,0x00000007bea80000)
 ParOldGen       total 134144K, used 130142K [0x0000000740000000, 0x0000000748300000, 0x0000000795580000)
  object space 134144K, 97% used [0x0000000740000000,0x0000000747f17a50,0x0000000748300000)
 Metaspace       used 21681K, capacity 21900K, committed 22320K, reserved 1069056K
  class space    used 2342K, capacity 2420K, committed 2432K, reserved 1048576K

